[1m[34m[ 1/13] index.qmd[39m[22m
[1m[34m[ 2/13] introduction-to-meta.qmd[39m[22m
[31m

processing file: introduction-to-meta.qmd
[39m1/5                       
2/5 [setup-packages-intro]
3/5                       
4/5 [sessioninfo-intro]   
5/5                       
[31moutput file: introduction-to-meta.knit.md

[39m[1m[34m[ 3/13] effect-size.qmd[39m[22m
[31m

processing file: effect-size.qmd
[39m1/21                      
2/21 [setup-packages-size]
3/21                      
4/21 [tbl-tablea]         
5/21                      
6/21 [load packages]      
7/21                      
8/21 [Zr]                 
9/21                      
10/21 [Zrescalcbackcalc]   
11/21                      
12/21 [lnRR]               
13/21                      
14/21 [ConvertLnRR]        
15/21                      
16/21 [ConvertLnRR2]       
17/21                      
18/21 [hedges]             
19/21                      
20/21 [sessioninfo]        
21/21                      
[31moutput file: effect-size.knit.md

[39m[1m[34m[ 4/13] effect-assume.qmd[39m[22m
[31m

processing file: effect-assume.qmd
[39m1/3                        
2/3 [setup-packages-assume]
3/3                        
[31moutput file: effect-assume.knit.md

[39m[1m[34m[ 5/13] fixed-vs-random.qmd[39m[22m
[31m

processing file: fixed-vs-random.qmd
[39m1/31                            
2/31 [setup-packages-fixed]     
3/31                            
4/31 [simdat]                   
5/31                            
6/31 [fig-fvsr]                 
7/31                            
8/31 [fixedma]                  
9/31                            
10/31 [fixedmahand]              
11/31                            
12/31 [q_fe]                     
13/31                            
14/31 [tbl-table3]               
15/31                            
16/31 [fig-fixedrandomeffectmeta]
17/31                            
18/31 [re]                       
19/31                            
20/31 [re_hand]                  
21/31                            
22/31 [re_w]                     
23/31                            
24/31 [tbl-table1]               
25/31                            
26/31 [dl]                       
27/31                            
28/31 [tbl-table2]               
29/31                            
30/31 [sessioninfo-fixed]        
31/31                            
[31moutput file: fixed-vs-random.knit.md

[39m[1m[34m[ 6/13] het.qmd[39m[22m
[31m

processing file: het.qmd
[39m1/15                     
2/15 [setup-packages-het]
3/15                     
4/15 [load-data]         
5/15                     
6/15 [i2]                
7/15                     
8/15 [i2boot]            
9/15                     
10/15 [pis]               
11/15                     
12/15 [q]                 
13/15                     
14/15 [sessioninfo-het]   
15/15                     
[31moutput file: het.knit.md

[39m[1m[34m[ 7/13] nuis-het.qmd[39m[22m
[31m

processing file: nuis-het.qmd
[39m1/17                  
2/17 [unnamed-chunk-1]
3/17                  
4/17 [ln10]           
[31mError in `file()`:
! cannot open the connection to 'https://osf.io/download/fb3ht/'
Backtrace:
    ▆
 1. └─utils::read.csv("https://osf.io/download/fb3ht/")
 2.   └─utils::read.table(...)
 3.     └─base::file(file, "rt")
[39m[31m
Quitting from nuis-het.qmd:62-73 [ln10]
[39m[31mExecution halted
[39m